2018-07-16 13:30:32,736 INFO: Microblog startup [in D:\Squire\app\__init__.py:47]
2018-07-16 13:48:51,975 INFO: Microblog startup [in D:\Squire\app\__init__.py:47]
2018-07-16 13:53:04,425 INFO: Microblog startup [in D:\Squire\app\__init__.py:47]
2018-07-16 13:53:08,637 ERROR: Exception on /reset_password_request [POST] [in d:\squire\virtualenv\lib\site-packages\flask\app.py:1761]
Traceback (most recent call last):
  File "d:\squire\virtualenv\lib\site-packages\flask\app.py", line 2292, in wsgi_app
    response = self.full_dispatch_request()
  File "d:\squire\virtualenv\lib\site-packages\flask\app.py", line 1815, in full_dispatch_request
    rv = self.handle_user_exception(e)
  File "d:\squire\virtualenv\lib\site-packages\flask\app.py", line 1718, in handle_user_exception
    reraise(exc_type, exc_value, tb)
  File "d:\squire\virtualenv\lib\site-packages\flask\_compat.py", line 35, in reraise
    raise value
  File "d:\squire\virtualenv\lib\site-packages\flask\app.py", line 1813, in full_dispatch_request
    rv = self.dispatch_request()
  File "d:\squire\virtualenv\lib\site-packages\flask\app.py", line 1799, in dispatch_request
    return self.view_functions[rule.endpoint](**req.view_args)
  File "D:\Squire\app\routes.py", line 164, in reset_password_request
    send_password_reset_email(user)
  File "D:\Squire\app\email.py", line 19, in send_password_reset_email
    user=user, token=token))
  File "D:\Squire\app\email.py", line 9, in send_email
    mail.send(msg)
  File "d:\squire\virtualenv\lib\site-packages\flask_mail.py", line 491, in send
    with self.connect() as connection:
  File "d:\squire\virtualenv\lib\site-packages\flask_mail.py", line 144, in __enter__
    self.host = self.configure_host()
  File "d:\squire\virtualenv\lib\site-packages\flask_mail.py", line 163, in configure_host
    host.starttls()
  File "C:\Python36\lib\smtplib.py", line 752, in starttls
    "STARTTLS extension not supported by server.")
smtplib.SMTPNotSupportedError: STARTTLS extension not supported by server.
2018-07-16 13:54:14,864 INFO: Microblog startup [in D:\Squire\app\__init__.py:47]
